<?xml version="1.0" encoding="UTF-8"?>
<!-- Generated by org.testng.reporters.JUnitXMLReporter -->
<testsuite ignored="0" hostname="DESKTOP-E1S6CDV" failures="0" tests="4" name="Default test" time="97.977" errors="0" timestamp="2023-11-14T17:08:21 IST">
  <testcase classname="com.testng.dataprovider.excel.AmazonSiteTesting" name="TestLogin" time="23.475"/>
  <testcase classname="com.testng.dataprovider.excel.AmazonSiteTesting" name="TestLogin" time="25.313"/>
  <testcase classname="com.testng.dataprovider.excel.AmazonSiteTesting" name="TestLogin" time="22.257"/>
  <testcase classname="com.testng.dataprovider.excel.AmazonSiteTesting" name="TestLogin" time="25.015"/>
</testsuite> <!-- Default test -->
