<?xml version="1.0" encoding="UTF-8"?>
<!-- Generated by org.testng.reporters.JUnitXMLReporter -->
<testsuite ignored="0" hostname="DESKTOP-E1S6CDV" failures="0" tests="4" name="Test" time="95.777" errors="0" timestamp="2023-11-16T00:55:55 IST">
  <testcase classname="com.testng.dataprovider.excel.AmazonSiteTesting" name="TestLogin" time="24.569"/>
  <testcase classname="com.testng.dataprovider.excel.AmazonSiteTesting" name="TestLogin" time="22.919"/>
  <testcase classname="com.testng.dataprovider.excel.AmazonSiteTesting" name="TestLogin" time="23.1"/>
  <testcase classname="com.testng.dataprovider.excel.AmazonSiteTesting" name="TestLogin" time="23.347"/>
</testsuite> <!-- Test -->
