<?xml version="1.0" encoding="UTF-8"?>
<!-- Generated by org.testng.reporters.JUnitXMLReporter -->
<testsuite ignored="0" hostname="DESKTOP-E1S6CDV" failures="3" tests="4" name="Test" time="84.779" errors="0" timestamp="2023-11-14T19:28:36 IST">
  <testcase classname="com.testng.dataprovider.excel.AmazonSiteTesting" name="TestLogin" time="21.364">
    <failure type="java.lang.AssertionError" message="expected [Hello, Shifreen] but found [Your password is incorrect]">
      <![CDATA[java.lang.AssertionError: expected [Hello, Shifreen] but found [Your password is incorrect]
at com.base.utils.BaseClass.assertData(BaseClass.java:407)
at com.testng.dataprovider.excel.AmazonSiteTesting.TestLogin(AmazonSiteTesting.java:32)
at java.base/java.util.ArrayList.forEach(ArrayList.java:1541)
... Removed 37 stack frames]]>
    </failure>
  </testcase> <!-- TestLogin -->
  <testcase classname="com.testng.dataprovider.excel.AmazonSiteTesting" name="TestLogin" time="20.739">
    <failure type="java.lang.AssertionError" message="expected [Hello, Shifreen] but found [Your password is incorrect]">
      <![CDATA[java.lang.AssertionError: expected [Hello, Shifreen] but found [Your password is incorrect]
at com.base.utils.BaseClass.assertData(BaseClass.java:407)
at com.testng.dataprovider.excel.AmazonSiteTesting.TestLogin(AmazonSiteTesting.java:32)
at java.base/java.util.ArrayList.forEach(ArrayList.java:1541)
... Removed 37 stack frames]]>
    </failure>
  </testcase> <!-- TestLogin -->
  <testcase classname="com.testng.dataprovider.excel.AmazonSiteTesting" name="TestLogin" time="20.638">
    <failure type="java.lang.AssertionError" message="expected [Hello, Shifreen] but found [Your password is incorrect]">
      <![CDATA[java.lang.AssertionError: expected [Hello, Shifreen] but found [Your password is incorrect]
at com.base.utils.BaseClass.assertData(BaseClass.java:407)
at com.testng.dataprovider.excel.AmazonSiteTesting.TestLogin(AmazonSiteTesting.java:32)
at java.base/java.util.ArrayList.forEach(ArrayList.java:1541)
... Removed 37 stack frames]]>
    </failure>
  </testcase> <!-- TestLogin -->
  <testcase classname="com.testng.dataprovider.excel.AmazonSiteTesting" name="TestLogin" time="20.864"/>
</testsuite> <!-- Test -->
