<?xml version="1.0" encoding="UTF-8"?>
<testsuite xmlns:xsi="http://www.w3.org/2001/XMLSchema-instance" xsi:noNamespaceSchemaLocation="https://maven.apache.org/surefire/maven-surefire-plugin/xsd/surefire-test-report-3.0.xsd" version="3.0" name="TestSuite" time="85.656" tests="4" errors="0" skipped="0" failures="3">
  <properties>
[...]
</properties>
  <testcase name="TestLogin[jalal01@gmail.com, Nov@2003, Scenario 1 -&gt;  Incorrect Username and Correct Password combination, chrome, https://www.amazon.in/, Hello, Shifreen, Url loaded sucessfully, Username entered, Password entered, Fail, Fail with screenshot, EMBEDED BELOW INCORRECT USER NAME AND CORRECT PASSWORD SCREENSHOT:](1)" classname="com.testng.dataprovider.excel.AmazonSiteTesting" time="21.379">
    <failure message="expected [Hello, Shifreen] but found [Your password is incorrect]" type="java.lang.AssertionError"><![CDATA[java.lang.AssertionError: expected [Hello, Shifreen] but found [Your password is incorrect]
	at org.testng.Assert.fail(Assert.java:110)
	at org.testng.Assert.failNotEquals(Assert.java:1577)
	at org.testng.Assert.assertEqualsImpl(Assert.java:149)
	at org.testng.Assert.assertEquals(Assert.java:131)
	at org.testng.Assert.assertEquals(Assert.java:655)
	at org.testng.Assert.assertEquals(Assert.java:665)
	at com.base.utils.BaseClass.assertData(BaseClass.java:407)
	at com.testng.dataprovider.excel.AmazonSiteTesting.TestLogin(AmazonSiteTesting.java:32)
	at java.base/jdk.internal.reflect.NativeMethodAccessorImpl.invoke0(Native Method)
	at java.base/jdk.internal.reflect.NativeMethodAccessorImpl.invoke(NativeMethodAccessorImpl.java:62)
	at java.base/jdk.internal.reflect.DelegatingMethodAccessorImpl.invoke(DelegatingMethodAccessorImpl.java:43)
	at java.base/java.lang.reflect.Method.invoke(Method.java:566)
	at org.testng.internal.invokers.MethodInvocationHelper.invokeMethod(MethodInvocationHelper.java:139)
	at org.testng.internal.invokers.TestInvoker.invokeMethod(TestInvoker.java:677)
	at org.testng.internal.invokers.TestInvoker.invokeTestMethod(TestInvoker.java:221)
	at org.testng.internal.invokers.MethodRunner.runInSequence(MethodRunner.java:50)
	at org.testng.internal.invokers.TestInvoker$MethodInvocationAgent.invoke(TestInvoker.java:969)
	at org.testng.internal.invokers.TestInvoker.invokeTestMethods(TestInvoker.java:194)
	at org.testng.internal.invokers.TestMethodWorker.invokeTestMethods(TestMethodWorker.java:148)
	at org.testng.internal.invokers.TestMethodWorker.run(TestMethodWorker.java:128)
	at java.base/java.util.ArrayList.forEach(ArrayList.java:1541)
	at org.testng.TestRunner.privateRun(TestRunner.java:829)
	at org.testng.TestRunner.run(TestRunner.java:602)
	at org.testng.SuiteRunner.runTest(SuiteRunner.java:437)
	at org.testng.SuiteRunner.runSequentially(SuiteRunner.java:431)
	at org.testng.SuiteRunner.privateRun(SuiteRunner.java:391)
	at org.testng.SuiteRunner.run(SuiteRunner.java:330)
	at org.testng.SuiteRunnerWorker.runSuite(SuiteRunnerWorker.java:52)
	at org.testng.SuiteRunnerWorker.run(SuiteRunnerWorker.java:95)
	at org.testng.TestNG.runSuitesSequentially(TestNG.java:1256)
	at org.testng.TestNG.runSuitesLocally(TestNG.java:1176)
	at org.testng.TestNG.runSuites(TestNG.java:1099)
	at org.testng.TestNG.run(TestNG.java:1067)
	at org.apache.maven.surefire.testng.TestNGExecutor.run(TestNGExecutor.java:308)
	at org.apache.maven.surefire.testng.TestNGXmlTestSuite.execute(TestNGXmlTestSuite.java:71)
	at org.apache.maven.surefire.testng.TestNGProvider.invoke(TestNGProvider.java:113)
	at org.apache.maven.surefire.booter.ForkedBooter.runSuitesInProcess(ForkedBooter.java:385)
	at org.apache.maven.surefire.booter.ForkedBooter.execute(ForkedBooter.java:162)
	at org.apache.maven.surefire.booter.ForkedBooter.run(ForkedBooter.java:507)
	at org.apache.maven.surefire.booter.ForkedBooter.main(ForkedBooter.java:495)
]]></failure>
    <system-out><![CDATA[[jalal01@gmail.com, Nov@2003, Scenario 1 ->  Incorrect Username and Correct Password combination, chrome, https://www.amazon.in/, Hello, Shifreen, Url loaded sucessfully, Username entered, Password entered, Fail, Fail with screenshot, EMBEDED BELOW INCORRECT USER NAME AND CORRECT PASSWORD SCREENSHOT:]
[shifreen01@gmail.com, Nov@1987, Scenario 2 -> Correct Username and Incorrect Password combination, chrome, https://www.amazon.in/, Hello, Shifreen, Url loaded sucessfully, Username entered, Password entered, Fail, Fail with screenshot, EMBEDED BELOW CORRECT USER NAME AND INCORRECT PASSWORD SCREENSHOT:]
[shifreen01@gmail.com, Nov@1987, Scenario 3 -> Incorrect Username and InCorrect Password combination, chrome, https://www.amazon.in/, Hello, Shifreen, Url loaded sucessfully, Username entered, Password entered, Fail, Fail with screenshot, EMBEDED BELOW INCORRECT USER NAME AND INCORRECT PASSWORD SCREENSHOT:]
[shifreen01@gmail.com, Nov@2003, Scenario 4 -> Correct Username and Correct Password combination, chrome, https://www.amazon.in/, Hello, Shifreen, Url loaded sucessfully, Username entered, Password entered, Pass, Pass with screenshot, EMBEDED BELOW CORRECT USER NAME AND CORRECT PASSWORD SCREENSHOT:]
The username test data used: jalal01@gmail.com
The password test data used: Nov@2003
The sceanrio tested: Scenario 1 ->  Incorrect Username and Correct Password combination
The browser used for testing: chrome
The url used for testing: https://www.amazon.in/
../ExtentReports/1699970249878.png
]]></system-out>
    <system-err><![CDATA[SLF4J: Failed to load class "org.slf4j.impl.StaticLoggerBinder".
SLF4J: Defaulting to no-operation (NOP) logger implementation
SLF4J: See http://www.slf4j.org/codes.html#StaticLoggerBinder for further details.
]]></system-err>
  </testcase>
  <testcase name="TestLogin[shifreen01@gmail.com, Nov@1987, Scenario 2 -&gt; Correct Username and Incorrect Password combination, chrome, https://www.amazon.in/, Hello, Shifreen, Url loaded sucessfully, Username entered, Password entered, Fail, Fail with screenshot, EMBEDED BELOW CORRECT USER NAME AND INCORRECT PASSWORD SCREENSHOT:](2)" classname="com.testng.dataprovider.excel.AmazonSiteTesting" time="20.752">
    <failure message="expected [Hello, Shifreen] but found [Your password is incorrect]" type="java.lang.AssertionError"><![CDATA[java.lang.AssertionError: expected [Hello, Shifreen] but found [Your password is incorrect]
	at org.testng.Assert.fail(Assert.java:110)
	at org.testng.Assert.failNotEquals(Assert.java:1577)
	at org.testng.Assert.assertEqualsImpl(Assert.java:149)
	at org.testng.Assert.assertEquals(Assert.java:131)
	at org.testng.Assert.assertEquals(Assert.java:655)
	at org.testng.Assert.assertEquals(Assert.java:665)
	at com.base.utils.BaseClass.assertData(BaseClass.java:407)
	at com.testng.dataprovider.excel.AmazonSiteTesting.TestLogin(AmazonSiteTesting.java:32)
	at java.base/jdk.internal.reflect.NativeMethodAccessorImpl.invoke0(Native Method)
	at java.base/jdk.internal.reflect.NativeMethodAccessorImpl.invoke(NativeMethodAccessorImpl.java:62)
	at java.base/jdk.internal.reflect.DelegatingMethodAccessorImpl.invoke(DelegatingMethodAccessorImpl.java:43)
	at java.base/java.lang.reflect.Method.invoke(Method.java:566)
	at org.testng.internal.invokers.MethodInvocationHelper.invokeMethod(MethodInvocationHelper.java:139)
	at org.testng.internal.invokers.TestInvoker.invokeMethod(TestInvoker.java:677)
	at org.testng.internal.invokers.TestInvoker.invokeTestMethod(TestInvoker.java:221)
	at org.testng.internal.invokers.MethodRunner.runInSequence(MethodRunner.java:50)
	at org.testng.internal.invokers.TestInvoker$MethodInvocationAgent.invoke(TestInvoker.java:969)
	at org.testng.internal.invokers.TestInvoker.invokeTestMethods(TestInvoker.java:194)
	at org.testng.internal.invokers.TestMethodWorker.invokeTestMethods(TestMethodWorker.java:148)
	at org.testng.internal.invokers.TestMethodWorker.run(TestMethodWorker.java:128)
	at java.base/java.util.ArrayList.forEach(ArrayList.java:1541)
	at org.testng.TestRunner.privateRun(TestRunner.java:829)
	at org.testng.TestRunner.run(TestRunner.java:602)
	at org.testng.SuiteRunner.runTest(SuiteRunner.java:437)
	at org.testng.SuiteRunner.runSequentially(SuiteRunner.java:431)
	at org.testng.SuiteRunner.privateRun(SuiteRunner.java:391)
	at org.testng.SuiteRunner.run(SuiteRunner.java:330)
	at org.testng.SuiteRunnerWorker.runSuite(SuiteRunnerWorker.java:52)
	at org.testng.SuiteRunnerWorker.run(SuiteRunnerWorker.java:95)
	at org.testng.TestNG.runSuitesSequentially(TestNG.java:1256)
	at org.testng.TestNG.runSuitesLocally(TestNG.java:1176)
	at org.testng.TestNG.runSuites(TestNG.java:1099)
	at org.testng.TestNG.run(TestNG.java:1067)
	at org.apache.maven.surefire.testng.TestNGExecutor.run(TestNGExecutor.java:308)
	at org.apache.maven.surefire.testng.TestNGXmlTestSuite.execute(TestNGXmlTestSuite.java:71)
	at org.apache.maven.surefire.testng.TestNGProvider.invoke(TestNGProvider.java:113)
	at org.apache.maven.surefire.booter.ForkedBooter.runSuitesInProcess(ForkedBooter.java:385)
	at org.apache.maven.surefire.booter.ForkedBooter.execute(ForkedBooter.java:162)
	at org.apache.maven.surefire.booter.ForkedBooter.run(ForkedBooter.java:507)
	at org.apache.maven.surefire.booter.ForkedBooter.main(ForkedBooter.java:495)
]]></failure>
    <system-out><![CDATA[The username test data used: shifreen01@gmail.com
The password test data used: Nov@1987
The sceanrio tested: Scenario 2 -> Correct Username and Incorrect Password combination
The browser used for testing: chrome
The url used for testing: https://www.amazon.in/
../ExtentReports/1699970271139.png
]]></system-out>
  </testcase>
  <testcase name="TestLogin[shifreen01@gmail.com, Nov@1987, Scenario 3 -&gt; Incorrect Username and InCorrect Password combination, chrome, https://www.amazon.in/, Hello, Shifreen, Url loaded sucessfully, Username entered, Password entered, Fail, Fail with screenshot, EMBEDED BELOW INCORRECT USER NAME AND INCORRECT PASSWORD SCREENSHOT:](3)" classname="com.testng.dataprovider.excel.AmazonSiteTesting" time="20.638">
    <failure message="expected [Hello, Shifreen] but found [Your password is incorrect]" type="java.lang.AssertionError"><![CDATA[java.lang.AssertionError: expected [Hello, Shifreen] but found [Your password is incorrect]
	at org.testng.Assert.fail(Assert.java:110)
	at org.testng.Assert.failNotEquals(Assert.java:1577)
	at org.testng.Assert.assertEqualsImpl(Assert.java:149)
	at org.testng.Assert.assertEquals(Assert.java:131)
	at org.testng.Assert.assertEquals(Assert.java:655)
	at org.testng.Assert.assertEquals(Assert.java:665)
	at com.base.utils.BaseClass.assertData(BaseClass.java:407)
	at com.testng.dataprovider.excel.AmazonSiteTesting.TestLogin(AmazonSiteTesting.java:32)
	at java.base/jdk.internal.reflect.NativeMethodAccessorImpl.invoke0(Native Method)
	at java.base/jdk.internal.reflect.NativeMethodAccessorImpl.invoke(NativeMethodAccessorImpl.java:62)
	at java.base/jdk.internal.reflect.DelegatingMethodAccessorImpl.invoke(DelegatingMethodAccessorImpl.java:43)
	at java.base/java.lang.reflect.Method.invoke(Method.java:566)
	at org.testng.internal.invokers.MethodInvocationHelper.invokeMethod(MethodInvocationHelper.java:139)
	at org.testng.internal.invokers.TestInvoker.invokeMethod(TestInvoker.java:677)
	at org.testng.internal.invokers.TestInvoker.invokeTestMethod(TestInvoker.java:221)
	at org.testng.internal.invokers.MethodRunner.runInSequence(MethodRunner.java:50)
	at org.testng.internal.invokers.TestInvoker$MethodInvocationAgent.invoke(TestInvoker.java:969)
	at org.testng.internal.invokers.TestInvoker.invokeTestMethods(TestInvoker.java:194)
	at org.testng.internal.invokers.TestMethodWorker.invokeTestMethods(TestMethodWorker.java:148)
	at org.testng.internal.invokers.TestMethodWorker.run(TestMethodWorker.java:128)
	at java.base/java.util.ArrayList.forEach(ArrayList.java:1541)
	at org.testng.TestRunner.privateRun(TestRunner.java:829)
	at org.testng.TestRunner.run(TestRunner.java:602)
	at org.testng.SuiteRunner.runTest(SuiteRunner.java:437)
	at org.testng.SuiteRunner.runSequentially(SuiteRunner.java:431)
	at org.testng.SuiteRunner.privateRun(SuiteRunner.java:391)
	at org.testng.SuiteRunner.run(SuiteRunner.java:330)
	at org.testng.SuiteRunnerWorker.runSuite(SuiteRunnerWorker.java:52)
	at org.testng.SuiteRunnerWorker.run(SuiteRunnerWorker.java:95)
	at org.testng.TestNG.runSuitesSequentially(TestNG.java:1256)
	at org.testng.TestNG.runSuitesLocally(TestNG.java:1176)
	at org.testng.TestNG.runSuites(TestNG.java:1099)
	at org.testng.TestNG.run(TestNG.java:1067)
	at org.apache.maven.surefire.testng.TestNGExecutor.run(TestNGExecutor.java:308)
	at org.apache.maven.surefire.testng.TestNGXmlTestSuite.execute(TestNGXmlTestSuite.java:71)
	at org.apache.maven.surefire.testng.TestNGProvider.invoke(TestNGProvider.java:113)
	at org.apache.maven.surefire.booter.ForkedBooter.runSuitesInProcess(ForkedBooter.java:385)
	at org.apache.maven.surefire.booter.ForkedBooter.execute(ForkedBooter.java:162)
	at org.apache.maven.surefire.booter.ForkedBooter.run(ForkedBooter.java:507)
	at org.apache.maven.surefire.booter.ForkedBooter.main(ForkedBooter.java:495)
]]></failure>
    <system-out><![CDATA[The username test data used: shifreen01@gmail.com
The password test data used: Nov@1987
The sceanrio tested: Scenario 3 -> Incorrect Username and InCorrect Password combination
The browser used for testing: chrome
The url used for testing: https://www.amazon.in/
../ExtentReports/1699970291793.png
]]></system-out>
  </testcase>
  <testcase name="TestLogin[shifreen01@gmail.com, Nov@2003, Scenario 4 -&gt; Correct Username and Correct Password combination, chrome, https://www.amazon.in/, Hello, Shifreen, Url loaded sucessfully, Username entered, Password entered, Pass, Pass with screenshot, EMBEDED BELOW CORRECT USER NAME AND CORRECT PASSWORD SCREENSHOT:](4)" classname="com.testng.dataprovider.excel.AmazonSiteTesting" time="20.864">
    <system-out><![CDATA[The username test data used: shifreen01@gmail.com
The password test data used: Nov@2003
The sceanrio tested: Scenario 4 -> Correct Username and Correct Password combination
The browser used for testing: chrome
The url used for testing: https://www.amazon.in/
../ExtentReports/1699970312456.png
]]></system-out>
  </testcase>
</testsuite>