<?xml version="1.0" encoding="UTF-8"?>
<testng-results ignored="0" total="4" passed="4" failed="0" skipped="0">
  <reporter-output>
  </reporter-output>
  <suite started-at="2023-11-16T00:54:19 IST" name="Suite" finished-at="2023-11-16T00:55:55 IST" duration-ms="95777">
    <groups>
    </groups>
    <test started-at="2023-11-16T00:54:19 IST" name="Test" finished-at="2023-11-16T00:55:55 IST" duration-ms="95777">
      <class name="com.testng.dataprovider.excel.AmazonSiteTesting">
        <test-method is-config="true" signature="report()[pri:0, instance:com.testng.dataprovider.excel.AmazonSiteTesting@7e057f43]" started-at="2023-11-16T00:54:19 IST" name="report" finished-at="2023-11-16T00:54:19 IST" duration-ms="475" status="PASS">
          <reporter-output>
          </reporter-output>
        </test-method> <!-- report -->
        <test-method signature="TestLogin(java.lang.String,java.lang.String,java.lang.String,java.lang.String,java.lang.String,java.lang.String,java.lang.String,java.lang.String,java.lang.String,java.lang.String,java.lang.String,java.lang.String)[pri:0, instance:com.testng.dataprovider.excel.AmazonSiteTesting@7e057f43]" started-at="2023-11-16T00:54:20 IST" name="TestLogin" data-provider="loginData" finished-at="2023-11-16T00:54:45 IST" duration-ms="24569" status="PASS">
          <params>
            <param index="0">
              <value>
                <![CDATA[jalal01@gmail.com]]>
              </value>
            </param>
            <param index="1">
              <value>
                <![CDATA[Nov@2003]]>
              </value>
            </param>
            <param index="2">
              <value>
                <![CDATA[Scenario 1 ->  Incorrect Username and Correct Password combination]]>
              </value>
            </param>
            <param index="3">
              <value>
                <![CDATA[chrome]]>
              </value>
            </param>
            <param index="4">
              <value>
                <![CDATA[https://www.amazon.in/]]>
              </value>
            </param>
            <param index="5">
              <value>
                <![CDATA[Your password is incorrect]]>
              </value>
            </param>
            <param index="6">
              <value>
                <![CDATA[Url loaded sucessfully]]>
              </value>
            </param>
            <param index="7">
              <value>
                <![CDATA[Username entered]]>
              </value>
            </param>
            <param index="8">
              <value>
                <![CDATA[Password entered]]>
              </value>
            </param>
            <param index="9">
              <value>
                <![CDATA[Fail]]>
              </value>
            </param>
            <param index="10">
              <value>
                <![CDATA[Fail with screenshot]]>
              </value>
            </param>
            <param index="11">
              <value>
                <![CDATA[EMBEDED BELOW INCORRECT USER NAME AND CORRECT PASSWORD SCREENSHOT:]]>
              </value>
            </param>
          </params>
          <reporter-output>
          </reporter-output>
        </test-method> <!-- TestLogin -->
        <test-method is-config="true" signature="stopReport()[pri:0, instance:com.testng.dataprovider.excel.AmazonSiteTesting@7e057f43]" started-at="2023-11-16T00:54:45 IST" name="stopReport" finished-at="2023-11-16T00:54:46 IST" duration-ms="606" status="PASS">
          <reporter-output>
          </reporter-output>
        </test-method> <!-- stopReport -->
        <test-method signature="TestLogin(java.lang.String,java.lang.String,java.lang.String,java.lang.String,java.lang.String,java.lang.String,java.lang.String,java.lang.String,java.lang.String,java.lang.String,java.lang.String,java.lang.String)[pri:0, instance:com.testng.dataprovider.excel.AmazonSiteTesting@7e057f43]" started-at="2023-11-16T00:54:46 IST" name="TestLogin" data-provider="loginData" finished-at="2023-11-16T00:55:08 IST" duration-ms="22919" status="PASS">
          <params>
            <param index="0">
              <value>
                <![CDATA[shifreen01@gmail.com]]>
              </value>
            </param>
            <param index="1">
              <value>
                <![CDATA[Nov@1987]]>
              </value>
            </param>
            <param index="2">
              <value>
                <![CDATA[Scenario 2 -> Correct Username and Incorrect Password combination]]>
              </value>
            </param>
            <param index="3">
              <value>
                <![CDATA[chrome]]>
              </value>
            </param>
            <param index="4">
              <value>
                <![CDATA[https://www.amazon.in/]]>
              </value>
            </param>
            <param index="5">
              <value>
                <![CDATA[Your password is incorrect]]>
              </value>
            </param>
            <param index="6">
              <value>
                <![CDATA[Url loaded sucessfully]]>
              </value>
            </param>
            <param index="7">
              <value>
                <![CDATA[Username entered]]>
              </value>
            </param>
            <param index="8">
              <value>
                <![CDATA[Password entered]]>
              </value>
            </param>
            <param index="9">
              <value>
                <![CDATA[Fail]]>
              </value>
            </param>
            <param index="10">
              <value>
                <![CDATA[Fail with screenshot]]>
              </value>
            </param>
            <param index="11">
              <value>
                <![CDATA[EMBEDED BELOW CORRECT USER NAME AND INCORRECT PASSWORD SCREENSHOT:]]>
              </value>
            </param>
          </params>
          <reporter-output>
          </reporter-output>
        </test-method> <!-- TestLogin -->
        <test-method is-config="true" signature="stopReport()[pri:0, instance:com.testng.dataprovider.excel.AmazonSiteTesting@7e057f43]" started-at="2023-11-16T00:55:08 IST" name="stopReport" finished-at="2023-11-16T00:55:09 IST" duration-ms="48" status="PASS">
          <reporter-output>
          </reporter-output>
        </test-method> <!-- stopReport -->
        <test-method signature="TestLogin(java.lang.String,java.lang.String,java.lang.String,java.lang.String,java.lang.String,java.lang.String,java.lang.String,java.lang.String,java.lang.String,java.lang.String,java.lang.String,java.lang.String)[pri:0, instance:com.testng.dataprovider.excel.AmazonSiteTesting@7e057f43]" started-at="2023-11-16T00:55:09 IST" name="TestLogin" data-provider="loginData" finished-at="2023-11-16T00:55:32 IST" duration-ms="23100" status="PASS">
          <params>
            <param index="0">
              <value>
                <![CDATA[shifreen01@gmail.com]]>
              </value>
            </param>
            <param index="1">
              <value>
                <![CDATA[Nov@1987]]>
              </value>
            </param>
            <param index="2">
              <value>
                <![CDATA[Scenario 3 -> Incorrect Username and InCorrect Password combination]]>
              </value>
            </param>
            <param index="3">
              <value>
                <![CDATA[chrome]]>
              </value>
            </param>
            <param index="4">
              <value>
                <![CDATA[https://www.amazon.in/]]>
              </value>
            </param>
            <param index="5">
              <value>
                <![CDATA[Your password is incorrect]]>
              </value>
            </param>
            <param index="6">
              <value>
                <![CDATA[Url loaded sucessfully]]>
              </value>
            </param>
            <param index="7">
              <value>
                <![CDATA[Username entered]]>
              </value>
            </param>
            <param index="8">
              <value>
                <![CDATA[Password entered]]>
              </value>
            </param>
            <param index="9">
              <value>
                <![CDATA[Fail]]>
              </value>
            </param>
            <param index="10">
              <value>
                <![CDATA[Fail with screenshot]]>
              </value>
            </param>
            <param index="11">
              <value>
                <![CDATA[EMBEDED BELOW INCORRECT USER NAME AND INCORRECT PASSWORD SCREENSHOT:]]>
              </value>
            </param>
          </params>
          <reporter-output>
          </reporter-output>
        </test-method> <!-- TestLogin -->
        <test-method is-config="true" signature="stopReport()[pri:0, instance:com.testng.dataprovider.excel.AmazonSiteTesting@7e057f43]" started-at="2023-11-16T00:55:32 IST" name="stopReport" finished-at="2023-11-16T00:55:32 IST" duration-ms="34" status="PASS">
          <reporter-output>
          </reporter-output>
        </test-method> <!-- stopReport -->
        <test-method signature="TestLogin(java.lang.String,java.lang.String,java.lang.String,java.lang.String,java.lang.String,java.lang.String,java.lang.String,java.lang.String,java.lang.String,java.lang.String,java.lang.String,java.lang.String)[pri:0, instance:com.testng.dataprovider.excel.AmazonSiteTesting@7e057f43]" started-at="2023-11-16T00:55:32 IST" name="TestLogin" data-provider="loginData" finished-at="2023-11-16T00:55:55 IST" duration-ms="23347" status="PASS">
          <params>
            <param index="0">
              <value>
                <![CDATA[shifreen01@gmail.com]]>
              </value>
            </param>
            <param index="1">
              <value>
                <![CDATA[Nov@2003]]>
              </value>
            </param>
            <param index="2">
              <value>
                <![CDATA[Scenario 4 -> Correct Username and Correct Password combination]]>
              </value>
            </param>
            <param index="3">
              <value>
                <![CDATA[chrome]]>
              </value>
            </param>
            <param index="4">
              <value>
                <![CDATA[https://www.amazon.in/]]>
              </value>
            </param>
            <param index="5">
              <value>
                <![CDATA[Hello, Shifreen]]>
              </value>
            </param>
            <param index="6">
              <value>
                <![CDATA[Url loaded sucessfully]]>
              </value>
            </param>
            <param index="7">
              <value>
                <![CDATA[Username entered]]>
              </value>
            </param>
            <param index="8">
              <value>
                <![CDATA[Password entered]]>
              </value>
            </param>
            <param index="9">
              <value>
                <![CDATA[Pass]]>
              </value>
            </param>
            <param index="10">
              <value>
                <![CDATA[Pass with screenshot]]>
              </value>
            </param>
            <param index="11">
              <value>
                <![CDATA[EMBEDED BELOW CORRECT USER NAME AND CORRECT PASSWORD SCREENSHOT:]]>
              </value>
            </param>
          </params>
          <reporter-output>
          </reporter-output>
        </test-method> <!-- TestLogin -->
        <test-method is-config="true" signature="stopReport()[pri:0, instance:com.testng.dataprovider.excel.AmazonSiteTesting@7e057f43]" started-at="2023-11-16T00:55:55 IST" name="stopReport" finished-at="2023-11-16T00:55:55 IST" duration-ms="51" status="PASS">
          <reporter-output>
          </reporter-output>
        </test-method> <!-- stopReport -->
      </class> <!-- com.testng.dataprovider.excel.AmazonSiteTesting -->
    </test> <!-- Test -->
  </suite> <!-- Suite -->
</testng-results>
