<?xml version="1.0" encoding="UTF-8"?>
<testng-results ignored="0" total="4" passed="1" failed="3" skipped="0">
  <reporter-output>
  </reporter-output>
  <suite started-at="2023-11-14T19:11:41 IST" name="Suite" finished-at="2023-11-14T19:13:37 IST" duration-ms="115651">
    <groups>
    </groups>
    <test started-at="2023-11-14T19:11:41 IST" name="Test" finished-at="2023-11-14T19:13:37 IST" duration-ms="115651">
      <class name="com.testng.dataprovider.excel.AmazonSiteTesting">
        <test-method is-config="true" signature="report()[pri:0, instance:com.testng.dataprovider.excel.AmazonSiteTesting@7e057f43]" started-at="2023-11-14T19:11:41 IST" name="report" finished-at="2023-11-14T19:11:41 IST" duration-ms="236" status="PASS">
          <reporter-output>
          </reporter-output>
        </test-method> <!-- report -->
        <test-method signature="TestLogin(java.lang.String,java.lang.String,java.lang.String,java.lang.String,java.lang.String,java.lang.String,java.lang.String,java.lang.String,java.lang.String,java.lang.String,java.lang.String,java.lang.String)[pri:0, instance:com.testng.dataprovider.excel.AmazonSiteTesting@7e057f43]" started-at="2023-11-14T19:11:42 IST" name="TestLogin" data-provider="loginData" finished-at="2023-11-14T19:12:34 IST" duration-ms="51917" status="FAIL">
          <params>
            <param index="0">
              <value>
                <![CDATA[jalal01@gmail.com]]>
              </value>
            </param>
            <param index="1">
              <value>
                <![CDATA[Nov@2003]]>
              </value>
            </param>
            <param index="2">
              <value>
                <![CDATA[Scenario 1 ->  Incorrect Username and Correct Password combination]]>
              </value>
            </param>
            <param index="3">
              <value>
                <![CDATA[chrome]]>
              </value>
            </param>
            <param index="4">
              <value>
                <![CDATA[https://www.amazon.in/]]>
              </value>
            </param>
            <param index="5">
              <value>
                <![CDATA[Hello, Shifreen]]>
              </value>
            </param>
            <param index="6">
              <value>
                <![CDATA[Url loaded sucessfully]]>
              </value>
            </param>
            <param index="7">
              <value>
                <![CDATA[Username entered]]>
              </value>
            </param>
            <param index="8">
              <value>
                <![CDATA[Password entered]]>
              </value>
            </param>
            <param index="9">
              <value>
                <![CDATA[Fail]]>
              </value>
            </param>
            <param index="10">
              <value>
                <![CDATA[Fail with screenshot]]>
              </value>
            </param>
            <param index="11">
              <value>
                <![CDATA[EMBEDED BELOW INCORRECT USER NAME AND CORRECT PASSWORD SCREENSHOT:]]>
              </value>
            </param>
          </params>
          <exception class="java.lang.AssertionError">
            <message>
              <![CDATA[expected [Your password is incorrect] but found [Hello, Shifreen]]]>
            </message>
            <full-stacktrace>
              <![CDATA[java.lang.AssertionError: expected [Your password is incorrect] but found [Hello, Shifreen]
at org.testng.Assert.fail(Assert.java:110)
at org.testng.Assert.failNotEquals(Assert.java:1577)
at org.testng.Assert.assertEqualsImpl(Assert.java:149)
at org.testng.Assert.assertEquals(Assert.java:131)
at org.testng.Assert.assertEquals(Assert.java:655)
at org.testng.Assert.assertEquals(Assert.java:665)
at com.base.utils.BaseClass.assertData(BaseClass.java:407)
at com.testng.dataprovider.excel.AmazonSiteTesting.TestLogin(AmazonSiteTesting.java:32)
at java.base/jdk.internal.reflect.NativeMethodAccessorImpl.invoke0(Native Method)
at java.base/jdk.internal.reflect.NativeMethodAccessorImpl.invoke(NativeMethodAccessorImpl.java:77)
at java.base/jdk.internal.reflect.DelegatingMethodAccessorImpl.invoke(DelegatingMethodAccessorImpl.java:43)
at java.base/java.lang.reflect.Method.invoke(Method.java:568)
at org.testng.internal.invokers.MethodInvocationHelper.invokeMethod(MethodInvocationHelper.java:139)
at org.testng.internal.invokers.TestInvoker.invokeMethod(TestInvoker.java:677)
at org.testng.internal.invokers.TestInvoker.invokeTestMethod(TestInvoker.java:221)
at org.testng.internal.invokers.MethodRunner.runInSequence(MethodRunner.java:50)
at org.testng.internal.invokers.TestInvoker$MethodInvocationAgent.invoke(TestInvoker.java:969)
at org.testng.internal.invokers.TestInvoker.invokeTestMethods(TestInvoker.java:194)
at org.testng.internal.invokers.TestMethodWorker.invokeTestMethods(TestMethodWorker.java:148)
at org.testng.internal.invokers.TestMethodWorker.run(TestMethodWorker.java:128)
at java.base/java.util.ArrayList.forEach(ArrayList.java:1511)
at org.testng.TestRunner.privateRun(TestRunner.java:829)
at org.testng.TestRunner.run(TestRunner.java:602)
at org.testng.SuiteRunner.runTest(SuiteRunner.java:437)
at org.testng.SuiteRunner.runSequentially(SuiteRunner.java:431)
at org.testng.SuiteRunner.privateRun(SuiteRunner.java:391)
at org.testng.SuiteRunner.run(SuiteRunner.java:330)
at org.testng.SuiteRunnerWorker.runSuite(SuiteRunnerWorker.java:52)
at org.testng.SuiteRunnerWorker.run(SuiteRunnerWorker.java:95)
at org.testng.TestNG.runSuitesSequentially(TestNG.java:1256)
at org.testng.TestNG.runSuitesLocally(TestNG.java:1176)
at org.testng.TestNG.runSuites(TestNG.java:1099)
at org.testng.TestNG.run(TestNG.java:1067)
at org.testng.remote.AbstractRemoteTestNG.run(AbstractRemoteTestNG.java:115)
at org.testng.remote.RemoteTestNG.initAndRun(RemoteTestNG.java:251)
at org.testng.remote.RemoteTestNG.main(RemoteTestNG.java:77)
]]>
            </full-stacktrace>
          </exception> <!-- java.lang.AssertionError -->
          <reporter-output>
          </reporter-output>
        </test-method> <!-- TestLogin -->
        <test-method is-config="true" signature="stopReport()[pri:0, instance:com.testng.dataprovider.excel.AmazonSiteTesting@7e057f43]" started-at="2023-11-14T19:12:34 IST" name="stopReport" finished-at="2023-11-14T19:12:34 IST" duration-ms="261" status="PASS">
          <reporter-output>
          </reporter-output>
        </test-method> <!-- stopReport -->
        <test-method signature="TestLogin(java.lang.String,java.lang.String,java.lang.String,java.lang.String,java.lang.String,java.lang.String,java.lang.String,java.lang.String,java.lang.String,java.lang.String,java.lang.String,java.lang.String)[pri:0, instance:com.testng.dataprovider.excel.AmazonSiteTesting@7e057f43]" started-at="2023-11-14T19:12:34 IST" name="TestLogin" data-provider="loginData" finished-at="2023-11-14T19:12:55 IST" duration-ms="21199" status="FAIL">
          <params>
            <param index="0">
              <value>
                <![CDATA[shifreen01@gmail.com]]>
              </value>
            </param>
            <param index="1">
              <value>
                <![CDATA[Nov@1987]]>
              </value>
            </param>
            <param index="2">
              <value>
                <![CDATA[Scenario 2 -> Correct Username and Incorrect Password combination]]>
              </value>
            </param>
            <param index="3">
              <value>
                <![CDATA[chrome]]>
              </value>
            </param>
            <param index="4">
              <value>
                <![CDATA[https://www.amazon.in/]]>
              </value>
            </param>
            <param index="5">
              <value>
                <![CDATA[Hello, Shifreen]]>
              </value>
            </param>
            <param index="6">
              <value>
                <![CDATA[Url loaded sucessfully]]>
              </value>
            </param>
            <param index="7">
              <value>
                <![CDATA[Username entered]]>
              </value>
            </param>
            <param index="8">
              <value>
                <![CDATA[Password entered]]>
              </value>
            </param>
            <param index="9">
              <value>
                <![CDATA[Fail]]>
              </value>
            </param>
            <param index="10">
              <value>
                <![CDATA[Fail with screenshot]]>
              </value>
            </param>
            <param index="11">
              <value>
                <![CDATA[EMBEDED BELOW CORRECT USER NAME AND INCORRECT PASSWORD SCREENSHOT:]]>
              </value>
            </param>
          </params>
          <exception class="java.lang.AssertionError">
            <message>
              <![CDATA[expected [Your password is incorrect] but found [Hello, Shifreen]]]>
            </message>
            <full-stacktrace>
              <![CDATA[java.lang.AssertionError: expected [Your password is incorrect] but found [Hello, Shifreen]
at org.testng.Assert.fail(Assert.java:110)
at org.testng.Assert.failNotEquals(Assert.java:1577)
at org.testng.Assert.assertEqualsImpl(Assert.java:149)
at org.testng.Assert.assertEquals(Assert.java:131)
at org.testng.Assert.assertEquals(Assert.java:655)
at org.testng.Assert.assertEquals(Assert.java:665)
at com.base.utils.BaseClass.assertData(BaseClass.java:407)
at com.testng.dataprovider.excel.AmazonSiteTesting.TestLogin(AmazonSiteTesting.java:32)
at java.base/jdk.internal.reflect.NativeMethodAccessorImpl.invoke0(Native Method)
at java.base/jdk.internal.reflect.NativeMethodAccessorImpl.invoke(NativeMethodAccessorImpl.java:77)
at java.base/jdk.internal.reflect.DelegatingMethodAccessorImpl.invoke(DelegatingMethodAccessorImpl.java:43)
at java.base/java.lang.reflect.Method.invoke(Method.java:568)
at org.testng.internal.invokers.MethodInvocationHelper.invokeMethod(MethodInvocationHelper.java:139)
at org.testng.internal.invokers.TestInvoker.invokeMethod(TestInvoker.java:677)
at org.testng.internal.invokers.TestInvoker.invokeTestMethod(TestInvoker.java:221)
at org.testng.internal.invokers.MethodRunner.runInSequence(MethodRunner.java:50)
at org.testng.internal.invokers.TestInvoker$MethodInvocationAgent.invoke(TestInvoker.java:969)
at org.testng.internal.invokers.TestInvoker.invokeTestMethods(TestInvoker.java:194)
at org.testng.internal.invokers.TestMethodWorker.invokeTestMethods(TestMethodWorker.java:148)
at org.testng.internal.invokers.TestMethodWorker.run(TestMethodWorker.java:128)
at java.base/java.util.ArrayList.forEach(ArrayList.java:1511)
at org.testng.TestRunner.privateRun(TestRunner.java:829)
at org.testng.TestRunner.run(TestRunner.java:602)
at org.testng.SuiteRunner.runTest(SuiteRunner.java:437)
at org.testng.SuiteRunner.runSequentially(SuiteRunner.java:431)
at org.testng.SuiteRunner.privateRun(SuiteRunner.java:391)
at org.testng.SuiteRunner.run(SuiteRunner.java:330)
at org.testng.SuiteRunnerWorker.runSuite(SuiteRunnerWorker.java:52)
at org.testng.SuiteRunnerWorker.run(SuiteRunnerWorker.java:95)
at org.testng.TestNG.runSuitesSequentially(TestNG.java:1256)
at org.testng.TestNG.runSuitesLocally(TestNG.java:1176)
at org.testng.TestNG.runSuites(TestNG.java:1099)
at org.testng.TestNG.run(TestNG.java:1067)
at org.testng.remote.AbstractRemoteTestNG.run(AbstractRemoteTestNG.java:115)
at org.testng.remote.RemoteTestNG.initAndRun(RemoteTestNG.java:251)
at org.testng.remote.RemoteTestNG.main(RemoteTestNG.java:77)
]]>
            </full-stacktrace>
          </exception> <!-- java.lang.AssertionError -->
          <reporter-output>
          </reporter-output>
        </test-method> <!-- TestLogin -->
        <test-method is-config="true" signature="stopReport()[pri:0, instance:com.testng.dataprovider.excel.AmazonSiteTesting@7e057f43]" started-at="2023-11-14T19:12:55 IST" name="stopReport" finished-at="2023-11-14T19:12:55 IST" duration-ms="37" status="PASS">
          <reporter-output>
          </reporter-output>
        </test-method> <!-- stopReport -->
        <test-method signature="TestLogin(java.lang.String,java.lang.String,java.lang.String,java.lang.String,java.lang.String,java.lang.String,java.lang.String,java.lang.String,java.lang.String,java.lang.String,java.lang.String,java.lang.String)[pri:0, instance:com.testng.dataprovider.excel.AmazonSiteTesting@7e057f43]" started-at="2023-11-14T19:12:55 IST" name="TestLogin" data-provider="loginData" finished-at="2023-11-14T19:13:16 IST" duration-ms="21081" status="FAIL">
          <params>
            <param index="0">
              <value>
                <![CDATA[shifreen01@gmail.com]]>
              </value>
            </param>
            <param index="1">
              <value>
                <![CDATA[Nov@1987]]>
              </value>
            </param>
            <param index="2">
              <value>
                <![CDATA[Scenario 3 -> Incorrect Username and InCorrect Password combination]]>
              </value>
            </param>
            <param index="3">
              <value>
                <![CDATA[chrome]]>
              </value>
            </param>
            <param index="4">
              <value>
                <![CDATA[https://www.amazon.in/]]>
              </value>
            </param>
            <param index="5">
              <value>
                <![CDATA[Hello, Shifreen]]>
              </value>
            </param>
            <param index="6">
              <value>
                <![CDATA[Url loaded sucessfully]]>
              </value>
            </param>
            <param index="7">
              <value>
                <![CDATA[Username entered]]>
              </value>
            </param>
            <param index="8">
              <value>
                <![CDATA[Password entered]]>
              </value>
            </param>
            <param index="9">
              <value>
                <![CDATA[Fail]]>
              </value>
            </param>
            <param index="10">
              <value>
                <![CDATA[Fail with screenshot]]>
              </value>
            </param>
            <param index="11">
              <value>
                <![CDATA[EMBEDED BELOW INCORRECT USER NAME AND INCORRECT PASSWORD SCREENSHOT:]]>
              </value>
            </param>
          </params>
          <exception class="java.lang.AssertionError">
            <message>
              <![CDATA[expected [Your password is incorrect] but found [Hello, Shifreen]]]>
            </message>
            <full-stacktrace>
              <![CDATA[java.lang.AssertionError: expected [Your password is incorrect] but found [Hello, Shifreen]
at org.testng.Assert.fail(Assert.java:110)
at org.testng.Assert.failNotEquals(Assert.java:1577)
at org.testng.Assert.assertEqualsImpl(Assert.java:149)
at org.testng.Assert.assertEquals(Assert.java:131)
at org.testng.Assert.assertEquals(Assert.java:655)
at org.testng.Assert.assertEquals(Assert.java:665)
at com.base.utils.BaseClass.assertData(BaseClass.java:407)
at com.testng.dataprovider.excel.AmazonSiteTesting.TestLogin(AmazonSiteTesting.java:32)
at java.base/jdk.internal.reflect.NativeMethodAccessorImpl.invoke0(Native Method)
at java.base/jdk.internal.reflect.NativeMethodAccessorImpl.invoke(NativeMethodAccessorImpl.java:77)
at java.base/jdk.internal.reflect.DelegatingMethodAccessorImpl.invoke(DelegatingMethodAccessorImpl.java:43)
at java.base/java.lang.reflect.Method.invoke(Method.java:568)
at org.testng.internal.invokers.MethodInvocationHelper.invokeMethod(MethodInvocationHelper.java:139)
at org.testng.internal.invokers.TestInvoker.invokeMethod(TestInvoker.java:677)
at org.testng.internal.invokers.TestInvoker.invokeTestMethod(TestInvoker.java:221)
at org.testng.internal.invokers.MethodRunner.runInSequence(MethodRunner.java:50)
at org.testng.internal.invokers.TestInvoker$MethodInvocationAgent.invoke(TestInvoker.java:969)
at org.testng.internal.invokers.TestInvoker.invokeTestMethods(TestInvoker.java:194)
at org.testng.internal.invokers.TestMethodWorker.invokeTestMethods(TestMethodWorker.java:148)
at org.testng.internal.invokers.TestMethodWorker.run(TestMethodWorker.java:128)
at java.base/java.util.ArrayList.forEach(ArrayList.java:1511)
at org.testng.TestRunner.privateRun(TestRunner.java:829)
at org.testng.TestRunner.run(TestRunner.java:602)
at org.testng.SuiteRunner.runTest(SuiteRunner.java:437)
at org.testng.SuiteRunner.runSequentially(SuiteRunner.java:431)
at org.testng.SuiteRunner.privateRun(SuiteRunner.java:391)
at org.testng.SuiteRunner.run(SuiteRunner.java:330)
at org.testng.SuiteRunnerWorker.runSuite(SuiteRunnerWorker.java:52)
at org.testng.SuiteRunnerWorker.run(SuiteRunnerWorker.java:95)
at org.testng.TestNG.runSuitesSequentially(TestNG.java:1256)
at org.testng.TestNG.runSuitesLocally(TestNG.java:1176)
at org.testng.TestNG.runSuites(TestNG.java:1099)
at org.testng.TestNG.run(TestNG.java:1067)
at org.testng.remote.AbstractRemoteTestNG.run(AbstractRemoteTestNG.java:115)
at org.testng.remote.RemoteTestNG.initAndRun(RemoteTestNG.java:251)
at org.testng.remote.RemoteTestNG.main(RemoteTestNG.java:77)
]]>
            </full-stacktrace>
          </exception> <!-- java.lang.AssertionError -->
          <reporter-output>
          </reporter-output>
        </test-method> <!-- TestLogin -->
        <test-method is-config="true" signature="stopReport()[pri:0, instance:com.testng.dataprovider.excel.AmazonSiteTesting@7e057f43]" started-at="2023-11-14T19:13:16 IST" name="stopReport" finished-at="2023-11-14T19:13:16 IST" duration-ms="32" status="PASS">
          <reporter-output>
          </reporter-output>
        </test-method> <!-- stopReport -->
        <test-method signature="TestLogin(java.lang.String,java.lang.String,java.lang.String,java.lang.String,java.lang.String,java.lang.String,java.lang.String,java.lang.String,java.lang.String,java.lang.String,java.lang.String,java.lang.String)[pri:0, instance:com.testng.dataprovider.excel.AmazonSiteTesting@7e057f43]" started-at="2023-11-14T19:13:16 IST" name="TestLogin" data-provider="loginData" finished-at="2023-11-14T19:13:37 IST" duration-ms="20538" status="PASS">
          <params>
            <param index="0">
              <value>
                <![CDATA[shifreen01@gmail.com]]>
              </value>
            </param>
            <param index="1">
              <value>
                <![CDATA[Nov@2003]]>
              </value>
            </param>
            <param index="2">
              <value>
                <![CDATA[Scenario 4 -> Correct Username and Correct Password combination]]>
              </value>
            </param>
            <param index="3">
              <value>
                <![CDATA[chrome]]>
              </value>
            </param>
            <param index="4">
              <value>
                <![CDATA[https://www.amazon.in/]]>
              </value>
            </param>
            <param index="5">
              <value>
                <![CDATA[Hello, Shifreen]]>
              </value>
            </param>
            <param index="6">
              <value>
                <![CDATA[Url loaded sucessfully]]>
              </value>
            </param>
            <param index="7">
              <value>
                <![CDATA[Username entered]]>
              </value>
            </param>
            <param index="8">
              <value>
                <![CDATA[Password entered]]>
              </value>
            </param>
            <param index="9">
              <value>
                <![CDATA[Pass]]>
              </value>
            </param>
            <param index="10">
              <value>
                <![CDATA[Pass with screenshot]]>
              </value>
            </param>
            <param index="11">
              <value>
                <![CDATA[EMBEDED BELOW CORRECT USER NAME AND CORRECT PASSWORD SCREENSHOT:]]>
              </value>
            </param>
          </params>
          <reporter-output>
          </reporter-output>
        </test-method> <!-- TestLogin -->
        <test-method is-config="true" signature="stopReport()[pri:0, instance:com.testng.dataprovider.excel.AmazonSiteTesting@7e057f43]" started-at="2023-11-14T19:13:37 IST" name="stopReport" finished-at="2023-11-14T19:13:37 IST" duration-ms="47" status="PASS">
          <reporter-output>
          </reporter-output>
        </test-method> <!-- stopReport -->
      </class> <!-- com.testng.dataprovider.excel.AmazonSiteTesting -->
    </test> <!-- Test -->
  </suite> <!-- Suite -->
</testng-results>
